# JRE version: Java(TM) SE Runtime Environment (8.0_131-b11) (build 1.8.0_131-b11)
# Java VM: Java HotSpot(TM) 64-Bit Server VM (25.131-b11 mixed mode linux-amd64 compressed oops)
Heap:
 PSYoungGen      total 139264K, used 129024K [0x000000076d000000, 0x000000077e000000, 0x00000007c0000000)
  eden space 129024K, 100% used [0x000000076d000000,0x0000000774e00000,0x0000000774e00000)
  from space 10240K, 0% used [0x0000000774e00000,0x0000000774e00000,0x0000000775800000)
  to   space 10240K, 40% used [0x000000077d600000,0x000000077da08020,0x000000077e000000)
 ParOldGen       total 118272K, used 13149K [0x00000006c7000000, 0x00000006ce380000, 0x000000076d000000)
  object space 118272K, 11% used [0x00000006c7000000,0x00000006c7cd77a0,0x00000006ce380000)
 Metaspace       used 26138K, capacity 26398K, committed 26752K, reserved 1073152K
  class space    used 3292K, capacity 3382K, committed 3456K, reserved 1048576K
GC Heap History (9 events):
Event: 1,821 GC heap before
{Heap before GC invocations=1 (full 0):
 PSYoungGen      total 74752K, used 64510K [0x000000076d000000, 0x0000000772300000, 0x00000007c0000000)
  eden space 64512K, 99% used [0x000000076d000000,0x0000000770effbb8,0x0000000770f00000)
  from space 10240K, 0% used [0x0000000771900000,0x0000000771900000,0x0000000772300000)
  to   space 10240K, 0% used [0x0000000770f00000,0x0000000770f00000,0x0000000771900000)
 ParOldGen       total 171008K, used 0K [0x00000006c7000000, 0x00000006d1700000, 0x000000076d000000)
  object space 171008K, 0% used [0x00000006c7000000,0x00000006c7000000,0x00000006d1700000)
 Metaspace       used 12082K, capacity 12142K, committed 12288K, reserved 1060864K
  class space    used 1469K, capacity 1491K, committed 1536K, reserved 1048576K
Event: 1,844 GC heap after
Heap after GC invocations=1 (full 0):
 PSYoungGen      total 74752K, used 10217K [0x000000076d000000, 0x0000000776200000, 0x00000007c0000000)
  eden space 64512K, 0% used [0x000000076d000000,0x000000076d000000,0x0000000770f00000)
  from space 10240K, 99% used [0x0000000770f00000,0x00000007718fa510,0x0000000771900000)
  to   space 10240K, 0% used [0x0000000775800000,0x0000000775800000,0x0000000776200000)
 ParOldGen       total 171008K, used 1214K [0x00000006c7000000, 0x00000006d1700000, 0x000000076d000000)
  object space 171008K, 0% used [0x00000006c7000000,0x00000006c712fb48,0x00000006d1700000)
 Metaspace       used 12082K, capacity 12142K, committed 12288K, reserved 1060864K
  class space    used 1469K, capacity 1491K, committed 1536K, reserved 1048576K
}
Event: 3,252 GC heap before
{Heap before GC invocations=2 (full 0):
 PSYoungGen      total 74752K, used 74729K [0x000000076d000000, 0x0000000776200000, 0x00000007c0000000)
  eden space 64512K, 100% used [0x000000076d000000,0x0000000770f00000,0x0000000770f00000)
  from space 10240K, 99% used [0x0000000770f00000,0x00000007718fa510,0x0000000771900000)
  to   space 10240K, 0% used [0x0000000775800000,0x0000000775800000,0x0000000776200000)
 ParOldGen       total 171008K, used 1214K [0x00000006c7000000, 0x00000006d1700000, 0x000000076d000000)
  object space 171008K, 0% used [0x00000006c7000000,0x00000006c712fb48,0x00000006d1700000)
 Metaspace       used 18165K, capacity 18356K, committed 18432K, reserved 1064960K
  class space    used 2227K, capacity 2285K, committed 2304K, reserved 1048576K
Event: 3,308 GC heap after
Heap after GC invocations=2 (full 0):
 PSYoungGen      total 139264K, used 10238K [0x000000076d000000, 0x0000000776200000, 0x00000007c0000000)
  eden space 129024K, 0% used [0x000000076d000000,0x000000076d000000,0x0000000774e00000)
  from space 10240K, 99% used [0x0000000775800000,0x00000007761ff9a8,0x0000000776200000)
  to   space 10240K, 0% used [0x0000000774e00000,0x0000000774e00000,0x0000000775800000)
 ParOldGen       total 171008K, used 3955K [0x00000006c7000000, 0x00000006d1700000, 0x000000076d000000)
  object space 171008K, 2% used [0x00000006c7000000,0x00000006c73dcd60,0x00000006d1700000)
 Metaspace       used 18165K, capacity 18356K, committed 18432K, reserved 1064960K
  class space    used 2227K, capacity 2285K, committed 2304K, reserved 1048576K
}
Event: 4,541 GC heap before
{Heap before GC invocations=3 (full 0):
 PSYoungGen      total 139264K, used 69241K [0x000000076d000000, 0x0000000776200000, 0x00000007c0000000)
  eden space 129024K, 45% used [0x000000076d000000,0x000000077099ebc0,0x0000000774e00000)
  from space 10240K, 99% used [0x0000000775800000,0x00000007761ff9a8,0x0000000776200000)
  to   space 10240K, 0% used [0x0000000774e00000,0x0000000774e00000,0x0000000775800000)
 ParOldGen       total 171008K, used 3955K [0x00000006c7000000, 0x00000006d1700000, 0x000000076d000000)
  object space 171008K, 2% used [0x00000006c7000000,0x00000006c73dcd60,0x00000006d1700000)
 Metaspace       used 20829K, capacity 21046K, committed 21248K, reserved 1067008K
  class space    used 2605K, capacity 2698K, committed 2816K, reserved 1048576K
Event: 4,582 GC heap after
Heap after GC invocations=3 (full 0):
 PSYoungGen      total 139264K, used 10225K [0x000000076d000000, 0x000000077e000000, 0x00000007c0000000)
  eden space 129024K, 0% used [0x000000076d000000,0x000000076d000000,0x0000000774e00000)
  from space 10240K, 99% used [0x0000000774e00000,0x00000007757fc630,0x0000000775800000)
  to   space 10240K, 0% used [0x000000077d600000,0x000000077d600000,0x000000077e000000)
 ParOldGen       total 171008K, used 7037K [0x00000006c7000000, 0x00000006d1700000, 0x000000076d000000)
  object space 171008K, 4% used [0x00000006c7000000,0x00000006c76df640,0x00000006d1700000)
 Metaspace       used 20829K, capacity 21046K, committed 21248K, reserved 1067008K
  class space    used 2605K, capacity 2698K, committed 2816K, reserved 1048576K
}
Event: 4,582 GC heap before
{Heap before GC invocations=4 (full 1):
 PSYoungGen      total 139264K, used 10225K [0x000000076d000000, 0x000000077e000000, 0x00000007c0000000)
  eden space 129024K, 0% used [0x000000076d000000,0x000000076d000000,0x0000000774e00000)
  from space 10240K, 99% used [0x0000000774e00000,0x00000007757fc630,0x0000000775800000)
  to   space 10240K, 0% used [0x000000077d600000,0x000000077d600000,0x000000077e000000)
 ParOldGen       total 171008K, used 7037K [0x00000006c7000000, 0x00000006d1700000, 0x000000076d000000)
  object space 171008K, 4% used [0x00000006c7000000,0x00000006c76df640,0x00000006d1700000)
 Metaspace       used 20829K, capacity 21046K, committed 21248K, reserved 1067008K
  class space    used 2605K, capacity 2698K, committed 2816K, reserved 1048576K
Event: 4,745 GC heap after
Heap after GC invocations=4 (full 1):
 PSYoungGen      total 139264K, used 0K [0x000000076d000000, 0x000000077e000000, 0x00000007c0000000)
  eden space 129024K, 0% used [0x000000076d000000,0x000000076d000000,0x0000000774e00000)
  from space 10240K, 0% used [0x0000000774e00000,0x0000000774e00000,0x0000000775800000)
  to   space 10240K, 0% used [0x000000077d600000,0x000000077d600000,0x000000077e000000)
 ParOldGen       total 118272K, used 13149K [0x00000006c7000000, 0x00000006ce380000, 0x000000076d000000)
  object space 118272K, 11% used [0x00000006c7000000,0x00000006c7cd77a0,0x00000006ce380000)
 Metaspace       used 20829K, capacity 21046K, committed 21248K, reserved 1067008K
  class space    used 2605K, capacity 2698K, committed 2816K, reserved 1048576K
}
Event: 7,212 GC heap before
{Heap before GC invocations=5 (full 1):
 PSYoungGen      total 139264K, used 129024K [0x000000076d000000, 0x000000077e000000, 0x00000007c0000000)
  eden space 129024K, 100% used [0x000000076d000000,0x0000000774e00000,0x0000000774e00000)
  from space 10240K, 0% used [0x0000000774e00000,0x0000000774e00000,0x0000000775800000)
  to   space 10240K, 0% used [0x000000077d600000,0x000000077d600000,0x000000077e000000)
 ParOldGen       total 118272K, used 13149K [0x00000006c7000000, 0x00000006ce380000, 0x000000076d000000)
  object space 118272K, 11% used [0x00000006c7000000,0x00000006c7cd77a0,0x00000006ce380000)
 Metaspace       used 26138K, capacity 26398K, committed 26752K, reserved 1073152K
  class space    used 3292K, capacity 3382K, committed 3456K, reserved 1048576K

