# JRE version: Java(TM) SE Runtime Environment (8.0_131-b11) (build 1.8.0_131-b11)
# Java VM: Java HotSpot(TM) 64-Bit Server VM (25.131-b11 mixed mode linux-amd64 compressed oops)
Heap:
 PSYoungGen      total 135680K, used 135296K [0x000000076d000000, 0x0000000778f80000, 0x00000007c0000000)
  eden space 125440K, 100% used [0x000000076d000000,0x0000000774a80000,0x0000000774a80000)
  from space 10240K, 96% used [0x0000000774a80000,0x0000000775420208,0x0000000775480000)
  to   space 15360K, 66% used [0x0000000778080000,0x0000000778a750b0,0x0000000778f80000)
 ParOldGen       total 110592K, used 13322K [0x00000006c7000000, 0x00000006cdc00000, 0x000000076d000000)
  object space 110592K, 12% used [0x00000006c7000000,0x00000006c7d02bc8,0x00000006cdc00000)
 Metaspace       used 33529K, capacity 33866K, committed 34048K, reserved 1079296K
  class space    used 4223K, capacity 4332K, committed 4352K, reserved 1048576K
GC Heap History (10 events):
Event: 5,933 GC heap after
Heap after GC invocations=2 (full 0):
 PSYoungGen      total 74752K, used 10239K [0x000000076d000000, 0x0000000776200000, 0x00000007c0000000)
  eden space 64512K, 0% used [0x000000076d000000,0x000000076d000000,0x0000000770f00000)
  from space 10240K, 99% used [0x0000000771900000,0x00000007722ffd48,0x0000000772300000)
  to   space 10240K, 0% used [0x0000000770f00000,0x0000000770f00000,0x0000000771900000)
 ParOldGen       total 171008K, used 3794K [0x00000006c7000000, 0x00000006d1700000, 0x000000076d000000)
  object space 171008K, 2% used [0x00000006c7000000,0x00000006c73b4900,0x00000006d1700000)
 Metaspace       used 18556K, capacity 18868K, committed 19072K, reserved 1067008K
  class space    used 2294K, capacity 2401K, committed 2432K, reserved 1048576K
}
Event: 7,098 GC heap before
{Heap before GC invocations=3 (full 0):
 PSYoungGen      total 74752K, used 68748K [0x000000076d000000, 0x0000000776200000, 0x00000007c0000000)
  eden space 64512K, 90% used [0x000000076d000000,0x00000007709234d0,0x0000000770f00000)
  from space 10240K, 99% used [0x0000000771900000,0x00000007722ffd48,0x0000000772300000)
  to   space 10240K, 0% used [0x0000000770f00000,0x0000000770f00000,0x0000000771900000)
 ParOldGen       total 171008K, used 3794K [0x00000006c7000000, 0x00000006d1700000, 0x000000076d000000)
  object space 171008K, 2% used [0x00000006c7000000,0x00000006c73b4900,0x00000006d1700000)
 Metaspace       used 20825K, capacity 21064K, committed 21248K, reserved 1067008K
  class space    used 2615K, capacity 2699K, committed 2816K, reserved 1048576K
Event: 7,132 GC heap after
Heap after GC invocations=3 (full 0):
 PSYoungGen      total 74752K, used 10225K [0x000000076d000000, 0x0000000776200000, 0x00000007c0000000)
  eden space 64512K, 0% used [0x000000076d000000,0x000000076d000000,0x0000000770f00000)
  from space 10240K, 99% used [0x0000000770f00000,0x00000007718fc630,0x0000000771900000)
  to   space 10240K, 0% used [0x0000000775800000,0x0000000775800000,0x0000000776200000)
 ParOldGen       total 171008K, used 7052K [0x00000006c7000000, 0x00000006d1700000, 0x000000076d000000)
  object space 171008K, 4% used [0x00000006c7000000,0x00000006c76e31d8,0x00000006d1700000)
 Metaspace       used 20825K, capacity 21064K, committed 21248K, reserved 1067008K
  class space    used 2615K, capacity 2699K, committed 2816K, reserved 1048576K
}
Event: 7,132 GC heap before
{Heap before GC invocations=4 (full 1):
 PSYoungGen      total 74752K, used 10225K [0x000000076d000000, 0x0000000776200000, 0x00000007c0000000)
  eden space 64512K, 0% used [0x000000076d000000,0x000000076d000000,0x0000000770f00000)
  from space 10240K, 99% used [0x0000000770f00000,0x00000007718fc630,0x0000000771900000)
  to   space 10240K, 0% used [0x0000000775800000,0x0000000775800000,0x0000000776200000)
 ParOldGen       total 171008K, used 7052K [0x00000006c7000000, 0x00000006d1700000, 0x000000076d000000)
  object space 171008K, 4% used [0x00000006c7000000,0x00000006c76e31d8,0x00000006d1700000)
 Metaspace       used 20825K, capacity 21064K, committed 21248K, reserved 1067008K
  class space    used 2615K, capacity 2699K, committed 2816K, reserved 1048576K
Event: 7,257 GC heap after
Heap after GC invocations=4 (full 1):
 PSYoungGen      total 74752K, used 0K [0x000000076d000000, 0x0000000776200000, 0x00000007c0000000)
  eden space 64512K, 0% used [0x000000076d000000,0x000000076d000000,0x0000000770f00000)
  from space 10240K, 0% used [0x0000000770f00000,0x0000000770f00000,0x0000000771900000)
  to   space 10240K, 0% used [0x0000000775800000,0x0000000775800000,0x0000000776200000)
 ParOldGen       total 110592K, used 13306K [0x00000006c7000000, 0x00000006cdc00000, 0x000000076d000000)
  object space 110592K, 12% used [0x00000006c7000000,0x00000006c7cfebc8,0x00000006cdc00000)
 Metaspace       used 20825K, capacity 21064K, committed 21248K, reserved 1067008K
  class space    used 2615K, capacity 2699K, committed 2816K, reserved 1048576K
}
Event: 8,180 GC heap before
{Heap before GC invocations=5 (full 1):
 PSYoungGen      total 74752K, used 64512K [0x000000076d000000, 0x0000000776200000, 0x00000007c0000000)
  eden space 64512K, 100% used [0x000000076d000000,0x0000000770f00000,0x0000000770f00000)
  from space 10240K, 0% used [0x0000000770f00000,0x0000000770f00000,0x0000000771900000)
  to   space 10240K, 0% used [0x0000000775800000,0x0000000775800000,0x0000000776200000)
 ParOldGen       total 110592K, used 13306K [0x00000006c7000000, 0x00000006cdc00000, 0x000000076d000000)
  object space 110592K, 12% used [0x00000006c7000000,0x00000006c7cfebc8,0x00000006cdc00000)
 Metaspace       used 24540K, capacity 24788K, committed 24960K, reserved 1071104K
  class space    used 3069K, capacity 3149K, committed 3200K, reserved 1048576K
Event: 8,219 GC heap after
Heap after GC invocations=5 (full 1):
 PSYoungGen      total 110080K, used 6283K [0x000000076d000000, 0x0000000775e80000, 0x00000007c0000000)
  eden space 103424K, 0% used [0x000000076d000000,0x000000076d000000,0x0000000773500000)
  from space 6656K, 94% used [0x0000000775800000,0x0000000775e22d20,0x0000000775e80000)
  to   space 10240K, 0% used [0x0000000774a80000,0x0000000774a80000,0x0000000775480000)
 ParOldGen       total 110592K, used 13306K [0x00000006c7000000, 0x00000006cdc00000, 0x000000076d000000)
  object space 110592K, 12% used [0x00000006c7000000,0x00000006c7cfebc8,0x00000006cdc00000)
 Metaspace       used 24540K, capacity 24788K, committed 24960K, reserved 1071104K
  class space    used 3069K, capacity 3149K, committed 3200K, reserved 1048576K
}
Event: 9,362 GC heap before
{Heap before GC invocations=6 (full 1):
 PSYoungGen      total 110080K, used 109707K [0x000000076d000000, 0x0000000775e80000, 0x00000007c0000000)
  eden space 103424K, 100% used [0x000000076d000000,0x0000000773500000,0x0000000773500000)
  from space 6656K, 94% used [0x0000000775800000,0x0000000775e22d20,0x0000000775e80000)
  to   space 10240K, 0% used [0x0000000774a80000,0x0000000774a80000,0x0000000775480000)
 ParOldGen       total 110592K, used 13306K [0x00000006c7000000, 0x00000006cdc00000, 0x000000076d000000)
  object space 110592K, 12% used [0x00000006c7000000,0x00000006c7cfebc8,0x00000006cdc00000)
 Metaspace       used 27050K, capacity 27370K, committed 27648K, reserved 1073152K
  class space    used 3464K, capacity 3574K, committed 3584K, reserved 1048576K
Event: 9,392 GC heap after
Heap after GC invocations=6 (full 1):
 PSYoungGen      total 135680K, used 9856K [0x000000076d000000, 0x0000000778f80000, 0x00000007c0000000)
  eden space 125440K, 0% used [0x000000076d000000,0x000000076d000000,0x0000000774a80000)
  from space 10240K, 96% used [0x0000000774a80000,0x0000000775420208,0x0000000775480000)
  to   space 15360K, 0% used [0x0000000778080000,0x0000000778080000,0x0000000778f80000)
 ParOldGen       total 110592K, used 13314K [0x00000006c7000000, 0x00000006cdc00000, 0x000000076d000000)
  object space 110592K, 12% used [0x00000006c7000000,0x00000006c7d00bc8,0x00000006cdc00000)
 Metaspace       used 27050K, capacity 27370K, committed 27648K, reserved 1073152K
  class space    used 3464K, capacity 3574K, committed 3584K, reserved 1048576K
}
Event: 81,638 GC heap before
{Heap before GC invocations=7 (full 1):
 PSYoungGen      total 135680K, used 135296K [0x000000076d000000, 0x0000000778f80000, 0x00000007c0000000)
  eden space 125440K, 100% used [0x000000076d000000,0x0000000774a80000,0x0000000774a80000)
  from space 10240K, 96% used [0x0000000774a80000,0x0000000775420208,0x0000000775480000)
  to   space 15360K, 0% used [0x0000000778080000,0x0000000778080000,0x0000000778f80000)
 ParOldGen       total 110592K, used 13314K [0x00000006c7000000, 0x00000006cdc00000, 0x000000076d000000)
  object space 110592K, 12% used [0x00000006c7000000,0x00000006c7d00bc8,0x00000006cdc00000)
 Metaspace       used 33529K, capacity 33866K, committed 34048K, reserved 1079296K
  class space    used 4223K, capacity 4332K, committed 4352K, reserved 1048576K

