# JRE version: Java(TM) SE Runtime Environment (8.0_131-b11) (build 1.8.0_131-b11)
# Java VM: Java HotSpot(TM) 64-Bit Server VM (25.131-b11 mixed mode linux-amd64 compressed oops)
Heap:
 PSYoungGen      total 196096K, used 196004K [0x000000076d000000, 0x000000077e000000, 0x00000007c0000000)
  eden space 185856K, 100% used [0x000000076d000000,0x0000000778580000,0x0000000778580000)
  from space 10240K, 99% used [0x000000077d600000,0x000000077dfe93c8,0x000000077e000000)
  to   space 10240K, 72% used [0x000000077cc00000,0x000000077d338060,0x000000077d600000)
 ParOldGen       total 117248K, used 13228K [0x00000006c7000000, 0x00000006ce280000, 0x000000076d000000)
  object space 117248K, 11% used [0x00000006c7000000,0x00000006c7ceb290,0x00000006ce280000)
 Metaspace       used 33652K, capacity 33988K, committed 34304K, reserved 1079296K
  class space    used 4236K, capacity 4334K, committed 4352K, reserved 1048576K
GC Heap History (10 events):
Event: 3,098 GC heap after
Heap after GC invocations=1 (full 0):
 PSYoungGen      total 74752K, used 10234K [0x000000076d000000, 0x0000000776200000, 0x00000007c0000000)
  eden space 64512K, 0% used [0x000000076d000000,0x000000076d000000,0x0000000770f00000)
  from space 10240K, 99% used [0x0000000770f00000,0x00000007718feb68,0x0000000771900000)
  to   space 10240K, 0% used [0x0000000775800000,0x0000000775800000,0x0000000776200000)
 ParOldGen       total 171008K, used 1121K [0x00000006c7000000, 0x00000006d1700000, 0x000000076d000000)
  object space 171008K, 0% used [0x00000006c7000000,0x00000006c71186b8,0x00000006d1700000)
 Metaspace       used 12024K, capacity 12078K, committed 12288K, reserved 1060864K
  class space    used 1475K, capacity 1491K, committed 1536K, reserved 1048576K
}
Event: 4,747 GC heap before
{Heap before GC invocations=2 (full 0):
 PSYoungGen      total 74752K, used 74746K [0x000000076d000000, 0x0000000776200000, 0x00000007c0000000)
  eden space 64512K, 100% used [0x000000076d000000,0x0000000770f00000,0x0000000770f00000)
  from space 10240K, 99% used [0x0000000770f00000,0x00000007718feb68,0x0000000771900000)
  to   space 10240K, 0% used [0x0000000775800000,0x0000000775800000,0x0000000776200000)
 ParOldGen       total 171008K, used 1121K [0x00000006c7000000, 0x00000006d1700000, 0x000000076d000000)
  object space 171008K, 0% used [0x00000006c7000000,0x00000006c71186b8,0x00000006d1700000)
 Metaspace       used 18721K, capacity 18988K, committed 19328K, reserved 1067008K
  class space    used 2310K, capacity 2403K, committed 2432K, reserved 1048576K
Event: 4,775 GC heap after
Heap after GC invocations=2 (full 0):
 PSYoungGen      total 139264K, used 10231K [0x000000076d000000, 0x0000000776200000, 0x00000007c0000000)
  eden space 129024K, 0% used [0x000000076d000000,0x000000076d000000,0x0000000774e00000)
  from space 10240K, 99% used [0x0000000775800000,0x00000007761fdf40,0x0000000776200000)
  to   space 10240K, 0% used [0x0000000774e00000,0x0000000774e00000,0x0000000775800000)
 ParOldGen       total 171008K, used 3906K [0x00000006c7000000, 0x00000006d1700000, 0x000000076d000000)
  object space 171008K, 2% used [0x00000006c7000000,0x00000006c73d0ad8,0x00000006d1700000)
 Metaspace       used 18721K, capacity 18988K, committed 19328K, reserved 1067008K
  class space    used 2310K, capacity 2403K, committed 2432K, reserved 1048576K
}
Event: 5,910 GC heap before
{Heap before GC invocations=3 (full 0):
 PSYoungGen      total 139264K, used 68246K [0x000000076d000000, 0x0000000776200000, 0x00000007c0000000)
  eden space 129024K, 44% used [0x000000076d000000,0x00000007708a78e8,0x0000000774e00000)
  from space 10240K, 99% used [0x0000000775800000,0x00000007761fdf40,0x0000000776200000)
  to   space 10240K, 0% used [0x0000000774e00000,0x0000000774e00000,0x0000000775800000)
 ParOldGen       total 171008K, used 3906K [0x00000006c7000000, 0x00000006d1700000, 0x000000076d000000)
  object space 171008K, 2% used [0x00000006c7000000,0x00000006c73d0ad8,0x00000006d1700000)
 Metaspace       used 20837K, capacity 21052K, committed 21248K, reserved 1067008K
  class space    used 2612K, capacity 2699K, committed 2816K, reserved 1048576K
Event: 5,945 GC heap after
Heap after GC invocations=3 (full 0):
 PSYoungGen      total 139264K, used 10209K [0x000000076d000000, 0x000000077e000000, 0x00000007c0000000)
  eden space 129024K, 0% used [0x000000076d000000,0x000000076d000000,0x0000000774e00000)
  from space 10240K, 99% used [0x0000000774e00000,0x00000007757f8620,0x0000000775800000)
  to   space 10240K, 0% used [0x000000077d600000,0x000000077d600000,0x000000077e000000)
 ParOldGen       total 171008K, used 7089K [0x00000006c7000000, 0x00000006d1700000, 0x000000076d000000)
  object space 171008K, 4% used [0x00000006c7000000,0x00000006c76ec5a0,0x00000006d1700000)
 Metaspace       used 20837K, capacity 21052K, committed 21248K, reserved 1067008K
  class space    used 2612K, capacity 2699K, committed 2816K, reserved 1048576K
}
Event: 5,945 GC heap before
{Heap before GC invocations=4 (full 1):
 PSYoungGen      total 139264K, used 10209K [0x000000076d000000, 0x000000077e000000, 0x00000007c0000000)
  eden space 129024K, 0% used [0x000000076d000000,0x000000076d000000,0x0000000774e00000)
  from space 10240K, 99% used [0x0000000774e00000,0x00000007757f8620,0x0000000775800000)
  to   space 10240K, 0% used [0x000000077d600000,0x000000077d600000,0x000000077e000000)
 ParOldGen       total 171008K, used 7089K [0x00000006c7000000, 0x00000006d1700000, 0x000000076d000000)
  object space 171008K, 4% used [0x00000006c7000000,0x00000006c76ec5a0,0x00000006d1700000)
 Metaspace       used 20837K, capacity 21052K, committed 21248K, reserved 1067008K
  class space    used 2612K, capacity 2699K, committed 2816K, reserved 1048576K
Event: 6,081 GC heap after
Heap after GC invocations=4 (full 1):
 PSYoungGen      total 139264K, used 0K [0x000000076d000000, 0x000000077e000000, 0x00000007c0000000)
  eden space 129024K, 0% used [0x000000076d000000,0x000000076d000000,0x0000000774e00000)
  from space 10240K, 0% used [0x0000000774e00000,0x0000000774e00000,0x0000000775800000)
  to   space 10240K, 0% used [0x000000077d600000,0x000000077d600000,0x000000077e000000)
 ParOldGen       total 117248K, used 13220K [0x00000006c7000000, 0x00000006ce280000, 0x000000076d000000)
  object space 117248K, 11% used [0x00000006c7000000,0x00000006c7ce9290,0x00000006ce280000)
 Metaspace       used 20837K, capacity 21052K, committed 21248K, reserved 1067008K
  class space    used 2612K, capacity 2699K, committed 2816K, reserved 1048576K
}
Event: 7,692 GC heap before
{Heap before GC invocations=5 (full 1):
 PSYoungGen      total 139264K, used 129024K [0x000000076d000000, 0x000000077e000000, 0x00000007c0000000)
  eden space 129024K, 100% used [0x000000076d000000,0x0000000774e00000,0x0000000774e00000)
  from space 10240K, 0% used [0x0000000774e00000,0x0000000774e00000,0x0000000775800000)
  to   space 10240K, 0% used [0x000000077d600000,0x000000077d600000,0x000000077e000000)
 ParOldGen       total 117248K, used 13220K [0x00000006c7000000, 0x00000006ce280000, 0x000000076d000000)
  object space 117248K, 11% used [0x00000006c7000000,0x00000006c7ce9290,0x00000006ce280000)
 Metaspace       used 26094K, capacity 26398K, committed 26752K, reserved 1073152K
  class space    used 3296K, capacity 3382K, committed 3456K, reserved 1048576K
Event: 7,716 GC heap after
Heap after GC invocations=5 (full 1):
 PSYoungGen      total 196096K, used 10148K [0x000000076d000000, 0x000000077e000000, 0x00000007c0000000)
  eden space 185856K, 0% used [0x000000076d000000,0x000000076d000000,0x0000000778580000)
  from space 10240K, 99% used [0x000000077d600000,0x000000077dfe93c8,0x000000077e000000)
  to   space 10240K, 0% used [0x000000077cc00000,0x000000077cc00000,0x000000077d600000)
 ParOldGen       total 117248K, used 13220K [0x00000006c7000000, 0x00000006ce280000, 0x000000076d000000)
  object space 117248K, 11% used [0x00000006c7000000,0x00000006c7ce9290,0x00000006ce280000)
 Metaspace       used 26094K, capacity 26398K, committed 26752K, reserved 1073152K
  class space    used 3296K, capacity 3382K, committed 3456K, reserved 1048576K
}
Event: 45,817 GC heap before
{Heap before GC invocations=6 (full 1):
 PSYoungGen      total 196096K, used 196004K [0x000000076d000000, 0x000000077e000000, 0x00000007c0000000)
  eden space 185856K, 100% used [0x000000076d000000,0x0000000778580000,0x0000000778580000)
  from space 10240K, 99% used [0x000000077d600000,0x000000077dfe93c8,0x000000077e000000)
  to   space 10240K, 0% used [0x000000077cc00000,0x000000077cc00000,0x000000077d600000)
 ParOldGen       total 117248K, used 13220K [0x00000006c7000000, 0x00000006ce280000, 0x000000076d000000)
  object space 117248K, 11% used [0x00000006c7000000,0x00000006c7ce9290,0x00000006ce280000)
 Metaspace       used 33652K, capacity 33988K, committed 34304K, reserved 1079296K
  class space    used 4236K, capacity 4334K, committed 4352K, reserved 1048576K

